[?1049h[?1000h[?1003h[?1015h[?1006h[?25l[?1004h[>1u[?2026$p[?2048$p[?2004h[?7l[?1000h[?1003h[?1015h[?1006h[1;1H[48;2;36;47;56m [0m[38;2;224;224;224;48;2;36;47;56m⭘[0m[38;2;224;224;224;48;2;36;47;56m     [0m[48;2;36;47;56m [0m[38;2;224;224;224;48;2;36;47;56m                                     [0m[38;2;224;224;224;48;2;36;47;56mNDJSONViewer[0m[38;2;224;224;224;48;2;36;47;56m                                      [0m[48;2;36;47;56m [0m[38;2;224;224;224;48;2;36;47;56m[0m[48;2;36;47;56m        [0m[48;2;36;47;56m [0m
[2;1H[1;38;2;224;224;224;48;2;45;55;64m  Level  [0m[1;38;2;224;224;224;48;2;45;55;64m  Timestamp  [0m[1;38;2;224;224;224;48;2;45;55;64m  Seq  [0m[1;38;2;224;224;224;48;2;45;55;64m  Type  [0m[1;38;2;224;224;224;48;2;45;55;64m  Name  [0m[1;38;2;224;224;224;48;2;45;55;64m  Value  [0m[38;2;224;224;224;48;2;43;51;57m                                                   [0m
[3;1H[48;2;18;18;18m                                                                                                         [0m
[4;1H[48;2;18;18;18m                                                                                                         [0m
[5;1H[48;2;18;18;18m                                                                                                         [0m
[6;1H[48;2;18;18;18m                                                                                                         [0m
[7;1H[48;2;18;18;18m                                                                                                         [0m
[8;1H[48;2;18;18;18m                                                                                                         [0m
[9;1H[48;2;18;18;18m                                                                                                         [0m
[10;1H[48;2;18;18;18m                                                                                                         [0m
[11;1H[48;2;18;18;18m                                                                                                         [0m
[12;1H[48;2;18;18;18m                                                                                                         [0m
[13;1H[48;2;18;18;18m                                                                                                         [0m
[14;1H[48;2;18;18;18m                                                                                                         [0m
[15;1H[48;2;18;18;18m                                                                                                         [0m
[16;1H[48;2;18;18;18m                                                                                                         [0m
[17;1H[48;2;18;18;18m                                                                                                         [0m
[18;1H[48;2;18;18;18m                                                                                                         [0m
[19;1H[48;2;18;18;18m                                                                                                         [0m
[20;1H[48;2;18;18;18m                                                                                                         [0m
[21;1H[48;2;18;18;18m                                                                                                         [0m
[22;1H[48;2;18;18;18m                                                                                                         [0m
[23;1H[48;2;18;18;18m                                                                                                         [0m
[24;1H[48;2;18;18;18m                                                                                                         [0m
[25;1H[48;2;18;18;18m                                                                                                         [0m
[26;1H[48;2;18;18;18m                                                                                                         [0m
[27;1H[48;2;18;18;18m                                                                                                         [0m
[28;1H[48;2;18;18;18m                                                                                                         [0m
[29;1H[48;2;18;18;18m                                                                                                         [0m
[30;1H[48;2;18;18;18m                                                                                                         [0m
[31;1H[48;2;18;18;18m                                                                                                         [0m
[32;1H[48;2;18;18;18m                                                                                                         [0m
[33;1H[48;2;18;18;18m                                                                                                         [0m
[34;1H[48;2;18;18;18m                                                                                                         [0m
[35;1H[48;2;18;18;18m                                                                                                         [0m
[36;1H[48;2;18;18;18m                                                                                                         [0m
[37;1H[48;2;18;18;18m                                                                                                         [0m
[38;1H[48;2;18;18;18m                                                                                                         [0m
[39;1H[48;2;18;18;18m                                                                                                         [0m
[40;1H[48;2;18;18;18m                                                                                                         [0m
[41;1H[48;2;18;18;18m                                                                                                         [0m
[42;1H[48;2;18;18;18m                                                                                                         [0m
[43;1H[48;2;18;18;18m                                                                                                         [0m
[44;1H[48;2;18;18;18m                                                                                                         [0m
[45;1H[48;2;18;18;18m                                                                                                         [0m
[46;1H[48;2;18;18;18m                                                                                                         [0m
[47;1H[48;2;18;18;18m                                                                                                         [0m
[48;1H[48;2;18;18;18m                                                                                                         [0m
[49;1H[48;2;18;18;18m                                                                                                         [0m
[50;1H[48;2;18;18;18m                                                                                                         [0m
[51;1H[48;2;18;18;18m                                                                                                         [0m
[52;1H[48;2;18;18;18m                                                                                                         [0m
[53;1H[48;2;18;18;18m                                                                                                         [0m
[54;1H[48;2;18;18;18m                                                                                                         [0m
[55;1H[48;2;18;18;18m                                                                                                         [0m
[56;1H[48;2;18;18;18m                                                                                                         [0m
[57;1H[38;2;224;224;224;48;2;18;18;18mqueued=0 paused=False total=0[0m[48;2;18;18;18m                                                                            [0m
[58;1H[48;2;36;47;56m                                                                                                         [0m[1;1H[1;1H[48;2;36;47;56m [0m[38;2;224;224;224;48;2;36;47;56m⭘[0m[38;2;224;224;224;48;2;36;47;56m     [0m[48;2;36;47;56m [0m[1;9H[38;2;224;224;224;48;2;36;47;56m                                     [0m[38;2;224;224;224;48;2;36;47;56mNDJSONViewer[0m[38;2;224;224;224;48;2;36;47;56m                                      [0m[1;96H[48;2;36;47;56m [0m[38;2;224;224;224;48;2;36;47;56m[0m[48;2;36;47;56m        [0m[48;2;36;47;56m [0m
[2;1H[1;38;2;224;224;224;48;2;45;55;64m  Level  [0m[1;38;2;224;224;224;48;2;45;55;64m  Timestamp  [0m[1;38;2;224;224;224;48;2;45;55;64m  Seq  [0m[1;38;2;224;224;224;48;2;45;55;64m  Type  [0m[1;38;2;224;224;224;48;2;45;55;64m  Name  [0m[1;38;2;224;224;224;48;2;45;55;64m  Value  [0m[38;2;224;224;224;48;2;43;51;57m                                                   [0m
[3;1H[48;2;18;18;18m                                                                                                         [0m
[4;1H[48;2;18;18;18m                                                                                                         [0m
[5;1H[48;2;18;18;18m                                                                                                         [0m
[6;1H[48;2;18;18;18m                                                                                                         [0m
[7;1H[48;2;18;18;18m                                                                                                         [0m
[8;1H[48;2;18;18;18m                                                                                                         [0m
[9;1H[48;2;18;18;18m                                                                                                         [0m
[10;1H[48;2;18;18;18m                                                                                                         [0m
[11;1H[48;2;18;18;18m                                                                                                         [0m
[12;1H[48;2;18;18;18m                                                                                                         [0m
[13;1H[48;2;18;18;18m                                                                                                         [0m
[14;1H[48;2;18;18;18m                                                                                                         [0m
[15;1H[48;2;18;18;18m                                                                                                         [0m
[16;1H[48;2;18;18;18m                                                                                                         [0m
[17;1H[48;2;18;18;18m                                                                                                         [0m
[18;1H[48;2;18;18;18m                                                                                                         [0m
[19;1H[48;2;18;18;18m                                                                                                         [0m
[20;1H[48;2;18;18;18m                                                                                                         [0m
[21;1H[48;2;18;18;18m                                                                                                         [0m
[22;1H[48;2;18;18;18m                                                                                                         [0m
[23;1H[48;2;18;18;18m                                                                                                         [0m
[24;1H[48;2;18;18;18m                                                                                                         [0m
[25;1H[48;2;18;18;18m                                                                                                         [0m
[26;1H[48;2;18;18;18m                                                                                                         [0m
[27;1H[48;2;18;18;18m                                                                                                         [0m
[28;1H[48;2;18;18;18m                                                                                                         [0m
[29;1H[48;2;18;18;18m                                                                                                         [0m
[30;1H[48;2;18;18;18m                                                                                                         [0m
[31;1H[48;2;18;18;18m                                                                                                         [0m
[32;1H[48;2;18;18;18m                                                                                                         [0m
[33;1H[48;2;18;18;18m                                                                                                         [0m
[34;1H[48;2;18;18;18m                                                                                                         [0m
[35;1H[48;2;18;18;18m                                                                                                         [0m
[36;1H[48;2;18;18;18m                                                                                                         [0m
[37;1H[48;2;18;18;18m                                                                                                         [0m
[38;1H[48;2;18;18;18m                                                                                                         [0m
[39;1H[48;2;18;18;18m                                                                                                         [0m
[40;1H[48;2;18;18;18m                                                                                                         [0m
[41;1H[48;2;18;18;18m                                                                                                         [0m
[42;1H[48;2;18;18;18m                                                                                                         [0m
[43;1H[48;2;18;18;18m                                                                                                         [0m
[44;1H[48;2;18;18;18m                                                                                                         [0m
[45;1H[48;2;18;18;18m                                                                                                         [0m
[46;1H[48;2;18;18;18m                                                                                                         [0m
[47;1H[48;2;18;18;18m                                                                                                         [0m
[48;1H[48;2;18;18;18m                                                                                                         [0m
[49;1H[48;2;18;18;18m                                                                                                         [0m
[50;1H[48;2;18;18;18m                                                                                                         [0m
[51;1H[48;2;18;18;18m                                                                                                         [0m
[52;1H[48;2;18;18;18m                                                                                                         [0m
[53;1H[48;2;18;18;18m                                                                                                         [0m
[54;1H[48;2;18;18;18m                                                                                                         [0m
[55;1H[48;2;18;18;18m                                                                                                         [0m
[56;1H[48;2;18;18;18m                                                                                                         [0m[1;1H[1;96H[48;2;36;47;56m [0m[38;2;224;224;224;48;2;36;47;56m[0m[48;2;36;47;56m        [0m[48;2;36;47;56m [0m
[57;1H[38;2;224;224;224;48;2;18;18;18mqueued=0 paused=False total=0[0m[48;2;18;18;18m                                                                            [0m
[58;1H[48;2;36;47;56m                                                                                                         [0m[1;1H[1;1H[48;2;36;47;56m [0m[38;2;224;224;224;48;2;36;47;56m⭘[0m[38;2;224;224;224;48;2;36;47;56m     [0m[48;2;36;47;56m [0m[38;2;224;224;224;48;2;36;47;56m                                     [0m[38;2;224;224;224;48;2;36;47;56mNDJSONViewer[0m[38;2;224;224;224;48;2;36;47;56m                                      [0m[48;2;36;47;56m [0m[38;2;224;224;224;48;2;36;47;56m[0m[48;2;36;47;56m        [0m[48;2;36;47;56m [0m
[2;1H[1;38;2;224;224;224;48;2;45;55;64m  Level  [0m[1;38;2;224;224;224;48;2;45;55;64m  Timestamp  [0m[1;38;2;224;224;224;48;2;45;55;64m  Seq  [0m[1;38;2;224;224;224;48;2;45;55;64m  Type  [0m[1;38;2;224;224;224;48;2;45;55;64m  Name  [0m[1;38;2;224;224;224;48;2;45;55;64m  Value  [0m[38;2;224;224;224;48;2;43;51;57m                                                   [0m
[3;1H[48;2;18;18;18m                                                                                                         [0m
[4;1H[48;2;18;18;18m                                                                                                         [0m
[5;1H[48;2;18;18;18m                                                                                                         [0m
[6;1H[48;2;18;18;18m                                                                                                         [0m
[7;1H[48;2;18;18;18m                                                                                                         [0m
[8;1H[48;2;18;18;18m                                                                                                         [0m
[9;1H[48;2;18;18;18m                                                                                                         [0m
[10;1H[48;2;18;18;18m                                                                                                         [0m
[11;1H[48;2;18;18;18m                                                                                                         [0m
[12;1H[48;2;18;18;18m                                                                                                         [0m
[13;1H[48;2;18;18;18m                                                                                                         [0m
[14;1H[48;2;18;18;18m                                                                                                         [0m
[15;1H[48;2;18;18;18m                                                                                                         [0m
[16;1H[48;2;18;18;18m                                                                                                         [0m
[17;1H[48;2;18;18;18m                                                                                                         [0m
[18;1H[48;2;18;18;18m                                                                                                         [0m
[19;1H[48;2;18;18;18m                                                                                                         [0m
[20;1H[48;2;18;18;18m                                                                                                         [0m
[21;1H[48;2;18;18;18m                                                                                                         [0m
[22;1H[48;2;18;18;18m                                                                                                         [0m
[23;1H[48;2;18;18;18m                                                                                                         [0m
[24;1H[48;2;18;18;18m                                                                                                         [0m
[25;1H[48;2;18;18;18m                                                                                                         [0m
[26;1H[48;2;18;18;18m                                                                                                         [0m
[27;1H[48;2;18;18;18m                                                                                                         [0m
[28;1H[48;2;18;18;18m                                                                                                         [0m
[29;1H[48;2;18;18;18m                                                                                                         [0m
[30;1H[48;2;18;18;18m                                                                                                         [0m
[31;1H[48;2;18;18;18m                                                                                                         [0m
[32;1H[48;2;18;18;18m                                                                                                         [0m
[33;1H[48;2;18;18;18m                                                                                                         [0m
[34;1H[48;2;18;18;18m                                                                                                         [0m
[35;1H[48;2;18;18;18m                                                                                                         [0m
[36;1H[48;2;18;18;18m                                                                                                         [0m
[37;1H[48;2;18;18;18m                                                                                                         [0m
[38;1H[48;2;18;18;18m                                                                                                         [0m
[39;1H[48;2;18;18;18m                                                                                                         [0m
[40;1H[48;2;18;18;18m                                                                                                         [0m
[41;1H[48;2;18;18;18m                                                                                                         [0m
[42;1H[48;2;18;18;18m                                                                                                         [0m
[43;1H[48;2;18;18;18m                                                                                                         [0m
[44;1H[48;2;18;18;18m                                                                                                         [0m
[45;1H[48;2;18;18;18m                                                                                                         [0m
[46;1H[48;2;18;18;18m                                                                                                         [0m
[47;1H[48;2;18;18;18m                                                                                                         [0m
[48;1H[48;2;18;18;18m                                                                                                         [0m
[49;1H[48;2;18;18;18m                                                                                                         [0m
[50;1H[48;2;18;18;18m                                                                                                         [0m
[51;1H[48;2;18;18;18m                                                                                                         [0m
[52;1H[48;2;18;18;18m                                                                                                         [0m
[53;1H[48;2;18;18;18m                                                                                                         [0m
[54;1H[48;2;18;18;18m                                                                                                         [0m
[55;1H[48;2;18;18;18m                                                                                                         [0m
[56;1H[48;2;18;18;18m                                                                                                         [0m
[57;1H[38;2;224;224;224;48;2;18;18;18mqueued=0 paused=False total=0[0m[48;2;18;18;18m                                                                            [0m
[58;1H[48;2;36;47;56m                                                                                                         [0m[1;1H[58;1H[1;38;2;255;166;43;48;2;36;47;56m p [0m[38;2;224;224;224;48;2;36;47;56mPause/Resume live feed [0m[58;27H[1;38;2;255;166;43;48;2;36;47;56m q [0m[38;2;224;224;224;48;2;36;47;56mQuit [0m[58;35H[48;2;36;47;56m                                                           [0m[58;94H[38;2;73;82;89;48;2;36;47;56m▏[0m[1;38;2;255;166;43;48;2;36;47;56m^p[0m[38;2;224;224;224;48;2;36;47;56m palette[0m[48;2;36;47;56m [0m[1;1H[58;1H[1;38;2;255;166;43;48;2;36;47;56m p [0m[38;2;224;224;224;48;2;36;47;56mPause/Resume live feed [0m[58;27H[1;38;2;255;166;43;48;2;36;47;56m q [0m[38;2;224;224;224;48;2;36;47;56mQuit [0m[58;35H[48;2;36;47;56m                                                           [0m[58;94H[38;2;73;82;89;48;2;36;47;56m▏[0m[1;38;2;255;166;43;48;2;36;47;56m^p[0m[38;2;224;224;224;48;2;36;47;56m palette[0m[48;2;36;47;56m [0m[1;1H[57;1H[38;2;224;224;224;48;2;18;18;18mqueued=0 paused=False total=0[0m[48;2;18;18;18m                                                                            [0m[1;1H[57;1H[38;2;224;224;224;48;2;18;18;18mqueued=0 paused=False total=0[0m[48;2;18;18;18m                                                                            [0m[1;1H[57;1H[38;2;224;224;224;48;2;18;18;18mqueued=0 paused=False total=0[0m[48;2;18;18;18m                                                                            [0m[1;1H[57;1H[38;2;224;224;224;48;2;18;18;18mqueued=0 paused=False total=0[0m[48;2;18;18;18m                                                                            [0m[1;1H[57;1H[38;2;224;224;224;48;2;18;18;18mqueued=0 paused=False total=0[0m[48;2;18;18;18m                                                                            [0m[1;1H[57;1H[38;2;224;224;224;48;2;18;18;18mqueued=0 paused=False total=0[0m[48;2;18;18;18m                                                                            [0m[1;1H[57;1H[38;2;224;224;224;48;2;18;18;18mqueued=0 paused=False total=0[0m[48;2;18;18;18m                                                                            [0m[1;1H[57;1H[38;2;224;224;224;48;2;18;18;18mqueued=0 paused=False total=0[0m[48;2;18;18;18m                                                                            [0m[1;1H[57;1H[38;2;224;224;224;48;2;18;18;18mqueued=0 paused=False total=0[0m[48;2;18;18;18m                                                                            [0m[1;1H[57;1H[38;2;224;224;224;48;2;18;18;18mqueued=0 paused=False total=0[0m[48;2;18;18;18m                                                                            [0m[1;1H[57;1H[38;2;224;224;224;48;2;18;18;18mqueued=0 paused=False total=0[0m[48;2;18;18;18m                                                                            [0m[1;1H[57;1H[38;2;224;224;224;48;2;18;18;18mqueued=0 paused=False total=0[0m[48;2;18;18;18m                                                                            [0m[1;1H[57;1H[38;2;224;224;224;48;2;18;18;18mqueued=0 paused=False total=0[0m[48;2;18;18;18m                                                                            [0m[1;1H[57;1H[38;2;224;224;224;48;2;18;18;18mqueued=0 paused=False total=0[0m[48;2;18;18;18m                                                                            [0m[1;1H[57;1H[38;2;224;224;224;48;2;18;18;18mqueued=0 paused=False total=0[0m[48;2;18;18;18m                                                                            [0m[1;1H[57;1H[38;2;224;224;224;48;2;18;18;18mqueued=0 paused=False total=0[0m[48;2;18;18;18m                                                                            [0m[1;1H[57;1H[38;2;224;224;224;48;2;18;18;18mqueued=0 paused=False total=0[0m[48;2;18;18;18m                                                                            [0m[1;1H[57;1H[38;2;224;224;224;48;2;18;18;18mqueued=0 paused=False total=0[0m[48;2;18;18;18m                                                                            [0m[1;1H[57;1H[38;2;224;224;224;48;2;18;18;18mqueued=0 paused=False total=0[0m[48;2;18;18;18m                                                                            [0m[1;1H[57;1H[38;2;224;224;224;48;2;18;18;18mqueued=0 paused=False total=0[0m[48;2;18;18;18m                                                                            [0m[1;1H[57;1H[38;2;224;224;224;48;2;18;18;18mqueued=0 paused=False total=0[0m[48;2;18;18;18m                                                                            [0m[1;1H[57;1H[38;2;224;224;224;48;2;18;18;18mqueued=0 paused=False total=0[0m[48;2;18;18;18m                                                                            [0m[1;1H[57;1H[38;2;224;224;224;48;2;18;18;18mqueued=0 paused=False total=0[0m[48;2;18;18;18m                                                                            [0m[1;1H[57;1H[38;2;224;224;224;48;2;18;18;18mqueued=0 paused=False total=0[0m[48;2;18;18;18m                                                                            [0m[1;1H[57;1H[38;2;224;224;224;48;2;18;18;18mqueued=0 paused=False total=0[0m[48;2;18;18;18m                                                                            [0m[1;1H[57;1H[38;2;224;224;224;48;2;18;18;18mqueued=0 paused=False total=0[0m[48;2;18;18;18m                                                                            [0m[1;1H[57;1H[38;2;224;224;224;48;2;18;18;18mqueued=0 paused=False total=0[0m[48;2;18;18;18m                                                                            [0m[1;1H[57;1H[38;2;224;224;224;48;2;18;18;18mqueued=0 paused=False total=0[0m[48;2;18;18;18m                                                                            [0m[1;1H[57;1H[38;2;224;224;224;48;2;18;18;18mqueued=0 paused=False total=0[0m[48;2;18;18;18m                                                                            [0m[1;1H[57;1H[38;2;224;224;224;48;2;18;18;18mqueued=0 paused=False total=0[0m[48;2;18;18;18m                                                                            [0m[1;1H[57;1H[38;2;224;224;224;48;2;18;18;18mqueued=0 paused=False total=0[0m[48;2;18;18;18m                                                                            [0m[1;1H[57;1H[38;2;224;224;224;48;2;18;18;18mqueued=0 paused=False total=0[0m[48;2;18;18;18m                                                                            [0m[1;1H[57;1H[38;2;224;224;224;48;2;18;18;18mqueued=0 paused=False total=0[0m[48;2;18;18;18m                                                                            [0m[1;1H[57;1H[38;2;224;224;224;48;2;18;18;18mqueued=0 paused=False total=0[0m[48;2;18;18;18m                                                                            [0m[1;1H[57;1H[38;2;224;224;224;48;2;18;18;18mqueued=0 paused=False total=0[0m[48;2;18;18;18m                                                                            [0m[1;1H[57;1H[38;2;224;224;224;48;2;18;18;18mqueued=0 paused=False total=0[0m[48;2;18;18;18m                                                                            [0m[1;1H[57;1H[38;2;224;224;224;48;2;18;18;18mqueued=0 paused=False total=0[0m[48;2;18;18;18m                                                                            [0m[1;1H[57;1H[38;2;224;224;224;48;2;18;18;18mqueued=0 paused=False total=0[0m[48;2;18;18;18m                                                                            [0m[1;1H[57;1H[38;2;224;224;224;48;2;18;18;18mqueued=0 paused=False total=0[0m[48;2;18;18;18m                                                                            [0m[1;1H[57;1H[38;2;224;224;224;48;2;18;18;18mqueued=0 paused=False total=0[0m[48;2;18;18;18m                                                                            [0m[1;1H[57;1H[38;2;224;224;224;48;2;18;18;18mqueued=0 paused=False total=0[0m[48;2;18;18;18m                                                                            [0m[1;1H[57;1H[38;2;224;224;224;48;2;18;18;18mqueued=0 paused=False total=0[0m[48;2;18;18;18m                                                                            [0m[1;1H[1;1H[48;2;36;47;56m [0m[38;2;224;224;224;48;2;36;47;56m⭘[0m[38;2;224;224;224;48;2;36;47;56m     [0m[48;2;36;47;56m [0m[38;2;224;224;224;48;2;36;47;56m                                     [0m[38;2;224;224;224;48;2;36;47;56mNDJSONViewer[0m[38;2;224;224;224;48;2;36;47;56m                                      [0m[48;2;36;47;56m [0m[38;2;224;224;224;48;2;36;47;56m[0m[48;2;36;47;56m        [0m[48;2;36;47;56m [0m
[2;1H[1;38;2;224;224;224;48;2;45;55;64m  Level  [0m[1;38;2;224;224;224;48;2;45;55;64m  Timestamp  [0m[1;38;2;224;224;224;48;2;45;55;64m  Seq  [0m[1;38;2;224;224;224;48;2;45;55;64m  Type  [0m[1;38;2;224;224;224;48;2;45;55;64m  Name  [0m[1;38;2;224;224;224;48;2;45;55;64m  Value  [0m[38;2;224;224;224;48;2;43;51;57m                                                   [0m
[3;1H[48;2;18;18;18m                                                                                                         [0m
[4;1H[48;2;18;18;18m                                                                                                         [0m
[5;1H[48;2;18;18;18m                                                                                                         [0m
[6;1H[48;2;18;18;18m                                                                                                         [0m
[7;1H[48;2;18;18;18m                                                                                                         [0m
[8;1H[48;2;18;18;18m                                                                                                         [0m
[9;1H[48;2;18;18;18m                                                                                                         [0m
[10;1H[48;2;18;18;18m                                                                                                         [0m
[11;1H[48;2;18;18;18m                                                                                                         [0m
[12;1H[48;2;18;18;18m                                                                                                         [0m
[13;1H[48;2;18;18;18m                                                                                                         [0m
[14;1H[48;2;18;18;18m                                                                                                         [0m
[15;1H[48;2;18;18;18m                                                                                                         [0m
[16;1H[48;2;18;18;18m                                                                                                         [0m
[17;1H[48;2;18;18;18m                                                                                                         [0m
[18;1H[48;2;18;18;18m                                                                                                         [0m
[19;1H[48;2;18;18;18m                                                                                                         [0m
[20;1H[48;2;18;18;18m                                                                                                         [0m
[21;1H[48;2;18;18;18m                                                                                                         [0m
[22;1H[48;2;18;18;18m                                                                                                         [0m
[23;1H[48;2;18;18;18m                                                                                                         [0m
[24;1H[48;2;18;18;18m                                                                                                         [0m
[25;1H[48;2;18;18;18m                                                                                                         [0m
[26;1H[48;2;18;18;18m                                                                                                         [0m
[27;1H[48;2;18;18;18m                                                                                                         [0m
[28;1H[38;2;224;224;224;48;2;18;18;18mqueued=0 paused=False total=0[0m[48;2;18;18;18m                                                                            [0m
[29;1H[1;38;2;255;166;43;48;2;36;47;56m p [0m[38;2;224;224;224;48;2;36;47;56mPause/Resume live feed [0m[1;38;2;255;166;43;48;2;36;47;56m q [0m[38;2;224;224;224;48;2;36;47;56mQuit [0m[48;2;36;47;56m                                                           [0m[38;2;73;82;89;48;2;36;47;56m▏[0m[1;38;2;255;166;43;48;2;36;47;56m^p[0m[38;2;224;224;224;48;2;36;47;56m palette[0m[48;2;36;47;56m [0m[1;1H[2;1H[1;38;2;224;224;224;48;2;45;55;64m  Level  [0m[1;38;2;224;224;224;48;2;45;55;64m  Timestamp  [0m[1;38;2;224;224;224;48;2;45;55;64m  Seq  [0m[1;38;2;224;224;224;48;2;45;55;64m  Type  [0m[1;38;2;224;224;224;48;2;45;55;64m  Name  [0m[1;38;2;224;224;224;48;2;45;55;64m  Value  [0m[38;2;224;224;224;48;2;43;51;57m                                                   [0m
[3;1H[48;2;18;18;18m                                                                                                         [0m
[4;1H[48;2;18;18;18m                                                                                                         [0m
[5;1H[48;2;18;18;18m                                                                                                         [0m
[6;1H[48;2;18;18;18m                                                                                                         [0m
[7;1H[48;2;18;18;18m                                                                                                         [0m
[8;1H[48;2;18;18;18m                                                                                                         [0m
[9;1H[48;2;18;18;18m                                                                                                         [0m
[10;1H[48;2;18;18;18m                                                                                                         [0m
[11;1H[48;2;18;18;18m                                                                                                         [0m
[12;1H[48;2;18;18;18m                                                                                                         [0m
[13;1H[48;2;18;18;18m                                                                                                         [0m
[14;1H[48;2;18;18;18m                                                                                                         [0m
[15;1H[48;2;18;18;18m                                                                                                         [0m
[16;1H[48;2;18;18;18m                                                                                                         [0m
[17;1H[48;2;18;18;18m                                                                                                         [0m
[18;1H[48;2;18;18;18m                                                                                                         [0m
[19;1H[48;2;18;18;18m                                                                                                         [0m
[20;1H[48;2;18;18;18m                                                                                                         [0m
[21;1H[48;2;18;18;18m                                                                                                         [0m
[22;1H[48;2;18;18;18m                                                                                                         [0m
[23;1H[48;2;18;18;18m                                                                                                         [0m
[24;1H[48;2;18;18;18m                                                                                                         [0m
[25;1H[48;2;18;18;18m                                                                                                         [0m
[26;1H[48;2;18;18;18m                                                                                                         [0m
[27;1H[48;2;18;18;18m                                                                                                         [0m[1;1H[1;1H[48;2;36;47;56m [0m[38;2;224;224;224;48;2;36;47;56m⭘[0m[38;2;224;224;224;48;2;36;47;56m     [0m[48;2;36;47;56m [0m[38;2;224;224;224;48;2;36;47;56m                                     [0m[38;2;224;224;224;48;2;36;47;56mNDJSONViewer[0m[38;2;224;224;224;48;2;36;47;56m                                      [0m[48;2;36;47;56m [0m[38;2;224;224;224;48;2;36;47;56m[0m[48;2;36;47;56m        [0m[48;2;36;47;56m [0m
[2;1H[1;38;2;224;224;224;48;2;45;55;64m  Level  [0m[1;38;2;224;224;224;48;2;45;55;64m  Timestamp  [0m[1;38;2;224;224;224;48;2;45;55;64m  Seq  [0m[1;38;2;224;224;224;48;2;45;55;64m  Type  [0m[1;38;2;224;224;224;48;2;45;55;64m  Name  [0m[1;38;2;224;224;224;48;2;45;55;64m  Value  [0m[38;2;224;224;224;48;2;43;51;57m                                                   [0m
[3;1H[48;2;18;18;18m                                                                                                         [0m
[4;1H[48;2;18;18;18m                                                                                                         [0m
[5;1H[48;2;18;18;18m                                                                                                         [0m
[6;1H[48;2;18;18;18m                                                                                                         [0m
[7;1H[48;2;18;18;18m                                                                                                         [0m
[8;1H[48;2;18;18;18m                                                                                                         [0m
[9;1H[48;2;18;18;18m                                                                                                         [0m
[10;1H[48;2;18;18;18m                                                                                                         [0m
[11;1H[48;2;18;18;18m                                                                                                         [0m
[12;1H[48;2;18;18;18m                                                                                                         [0m
[13;1H[48;2;18;18;18m                                                                                                         [0m
[14;1H[48;2;18;18;18m                                                                                                         [0m
[15;1H[48;2;18;18;18m                                                                                                         [0m
[16;1H[48;2;18;18;18m                                                                                                         [0m
[17;1H[48;2;18;18;18m                                                                                                         [0m
[18;1H[48;2;18;18;18m                                                                                                         [0m
[19;1H[48;2;18;18;18m                                                                                                         [0m
[20;1H[48;2;18;18;18m                                                                                                         [0m
[21;1H[48;2;18;18;18m                                                                                                         [0m
[22;1H[48;2;18;18;18m                                                                                                         [0m
[23;1H[48;2;18;18;18m                                                                                                         [0m
[24;1H[48;2;18;18;18m                                                                                                         [0m
[25;1H[48;2;18;18;18m                                                                                                         [0m
[26;1H[48;2;18;18;18m                                                                                                         [0m
[27;1H[48;2;18;18;18m                                                                                                         [0m
[28;1H[38;2;224;224;224;48;2;18;18;18mqueued=0 paused=False total=0[0m[48;2;18;18;18m                                                                            [0m
[29;1H[1;38;2;255;166;43;48;2;36;47;56m p [0m[38;2;224;224;224;48;2;36;47;56mPause/Resume live feed [0m[1;38;2;255;166;43;48;2;36;47;56m q [0m[38;2;224;224;224;48;2;36;47;56mQuit [0m[48;2;36;47;56m                                                           [0m[38;2;73;82;89;48;2;36;47;56m▏[0m[1;38;2;255;166;43;48;2;36;47;56m^p[0m[38;2;224;224;224;48;2;36;47;56m palette[0m[48;2;36;47;56m [0m[1;1H[28;1H[38;2;224;224;224;48;2;18;18;18mqueued=0 paused=False total=0[0m[48;2;18;18;18m                                                                            [0m[1;1H[28;1H[38;2;224;224;224;48;2;18;18;18mqueued=0 paused=False total=0[0m[48;2;18;18;18m                                                                            [0m[1;1H[28;1H[38;2;224;224;224;48;2;18;18;18mqueued=0 paused=False total=0[0m[48;2;18;18;18m                                                                            [0m[1;1H[28;1H[38;2;224;224;224;48;2;18;18;18mqueued=0 paused=False total=0[0m[48;2;18;18;18m                                                                            [0m[1;1H[28;1H[38;2;224;224;224;48;2;18;18;18mqueued=0 paused=False total=0[0m[48;2;18;18;18m                                                                            [0m[1;1H[28;1H[38;2;224;224;224;48;2;18;18;18mqueued=0 paused=False total=0[0m[48;2;18;18;18m                                                                            [0m[1;1H[28;1H[38;2;224;224;224;48;2;18;18;18mqueued=0 paused=False total=0[0m[48;2;18;18;18m                                                                            [0m[1;1H[28;1H[38;2;224;224;224;48;2;18;18;18mqueued=0 paused=False total=0[0m[48;2;18;18;18m                                                                            [0m[1;1H[28;1H[38;2;224;224;224;48;2;18;18;18mqueued=0 paused=False total=0[0m[48;2;18;18;18m                                                                            [0m[1;1H[28;1H[38;2;224;224;224;48;2;18;18;18mqueued=0 paused=False total=0[0m[48;2;18;18;18m                                                                            [0m[1;1H[28;1H[38;2;224;224;224;48;2;18;18;18mqueued=0 paused=False total=0[0m[48;2;18;18;18m                                                                            [0m[1;1H[28;1H[38;2;224;224;224;48;2;18;18;18mqueued=0 paused=False total=0[0m[48;2;18;18;18m                                                                            [0m[1;1H[28;1H[38;2;224;224;224;48;2;18;18;18mqueued=0 paused=False total=0[0m[48;2;18;18;18m                                                                            [0m[1;1H[28;1H[38;2;224;224;224;48;2;18;18;18mqueued=0 paused=False total=0[0m[48;2;18;18;18m                                                                            [0m[1;1H[28;1H[38;2;224;224;224;48;2;18;18;18mqueued=0 paused=False total=0[0m[48;2;18;18;18m                                                                            [0m[1;1H[28;1H[38;2;224;224;224;48;2;18;18;18mqueued=0 paused=False total=0[0m[48;2;18;18;18m                                                                            [0m[1;1H[28;1H[38;2;224;224;224;48;2;18;18;18mqueued=0 paused=False total=0[0m[48;2;18;18;18m                                                                            [0m[1;1H[28;1H[38;2;224;224;224;48;2;18;18;18mqueued=0 paused=False total=0[0m[48;2;18;18;18m                                                                            [0m[1;1H[28;1H[38;2;224;224;224;48;2;18;18;18mqueued=0 paused=False total=0[0m[48;2;18;18;18m                                                                            [0m[1;1H[28;1H[38;2;224;224;224;48;2;18;18;18mqueued=0 paused=False total=0[0m[48;2;18;18;18m                                                                            [0m[1;1H[28;1H[38;2;224;224;224;48;2;18;18;18mqueued=0 paused=False total=0[0m[48;2;18;18;18m                                                                            [0m[1;1H[28;1H[38;2;224;224;224;48;2;18;18;18mqueued=0 paused=False total=0[0m[48;2;18;18;18m                                                                            [0m[1;1H[28;1H[38;2;224;224;224;48;2;18;18;18mqueued=0 paused=False total=0[0m[48;2;18;18;18m                                                                            [0m[1;1H[28;1H[38;2;224;224;224;48;2;18;18;18mqueued=0 paused=False total=0[0m[48;2;18;18;18m                                                                            [0m[1;1H[28;1H[38;2;224;224;224;48;2;18;18;18mqueued=0 paused=False total=0[0m[48;2;18;18;18m                                                                            [0m[1;1H[28;1H[38;2;224;224;224;48;2;18;18;18mqueued=0 paused=False total=0[0m[48;2;18;18;18m                                                                            [0m[1;1H[28;1H[38;2;224;224;224;48;2;18;18;18mqueued=0 paused=False total=0[0m[48;2;18;18;18m                                                                            [0m[1;1H[28;1H[38;2;224;224;224;48;2;18;18;18mqueued=0 paused=False total=0[0m[48;2;18;18;18m                                                                            [0m[1;1H[28;1H[38;2;224;224;224;48;2;18;18;18mqueued=0 paused=False total=0[0m[48;2;18;18;18m                                                                            [0m[1;1H[28;1H[38;2;224;224;224;48;2;18;18;18mqueued=0 paused=False total=0[0m[48;2;18;18;18m                                                                            [0m[1;1H[28;1H[38;2;224;224;224;48;2;18;18;18mqueued=0 paused=False total=0[0m[48;2;18;18;18m                                                                            [0m[1;1H[28;1H[38;2;224;224;224;48;2;18;18;18mqueued=0 paused=False total=0[0m[48;2;18;18;18m                                                                            [0m[1;1H[28;1H[38;2;224;224;224;48;2;18;18;18mqueued=0 paused=False total=0[0m[48;2;18;18;18m                                                                            [0m[1;1H[28;1H[38;2;224;224;224;48;2;18;18;18mqueued=0 paused=False total=0[0m[48;2;18;18;18m                                                                            [0m[1;1H[28;1H[38;2;224;224;224;48;2;18;18;18mqueued=0 paused=False total=0[0m[48;2;18;18;18m                                                                            [0m[1;1H[28;1H[38;2;224;224;224;48;2;18;18;18mqueued=0 paused=False total=0[0m[48;2;18;18;18m                                                                            [0m[1;1H[28;1H[38;2;224;224;224;48;2;18;18;18mqueued=0 paused=False total=0[0m[48;2;18;18;18m                                                                            [0m[1;1H[28;1H[38;2;224;224;224;48;2;18;18;18mqueued=0 paused=False total=0[0m[48;2;18;18;18m                                                                            [0m[1;1H[28;1H[38;2;224;224;224;48;2;18;18;18mqueued=0 paused=False total=0[0m[48;2;18;18;18m                                                                            [0m[1;1H[28;1H[38;2;224;224;224;48;2;18;18;18mqueued=0 paused=False total=0[0m[48;2;18;18;18m                                                                            [0m[1;1H[28;1H[38;2;224;224;224;48;2;18;18;18mqueued=0 paused=False total=0[0m[48;2;18;18;18m                                                                            [0m[1;1H[28;1H[38;2;224;224;224;48;2;18;18;18mqueued=0 paused=False total=0[0m[48;2;18;18;18m                                                                            [0m[1;1H[28;1H[38;2;224;224;224;48;2;18;18;18mqueued=0 paused=False total=0[0m[48;2;18;18;18m                                                                            [0m[1;1H[28;1H[38;2;224;224;224;48;2;18;18;18mqueued=0 paused=False total=0[0m[48;2;18;18;18m                                                                            [0m[1;1H[28;1H[38;2;224;224;224;48;2;18;18;18mqueued=0 paused=False total=0[0m[48;2;18;18;18m                                                                            [0m[1;1H[28;1H[38;2;224;224;224;48;2;18;18;18mqueued=0 paused=False total=0[0m[48;2;18;18;18m                                                                            [0m[1;1H[28;1H[38;2;224;224;224;48;2;18;18;18mqueued=0 paused=False total=0[0m[48;2;18;18;18m                                                                            [0m[1;1H[28;1H[38;2;224;224;224;48;2;18;18;18mqueued=0 paused=False total=0[0m[48;2;18;18;18m                                                                            [0m[1;1H[28;1H[38;2;224;224;224;48;2;18;18;18mqueued=0 paused=False total=0[0m[48;2;18;18;18m                                                                            [0m[1;1H[28;1H[38;2;224;224;224;48;2;18;18;18mqueued=0 paused=False total=0[0m[48;2;18;18;18m                                                                            [0m[1;1H[28;1H[38;2;224;224;224;48;2;18;18;18mqueued=0 paused=False total=0[0m[48;2;18;18;18m                                                                            [0m[1;1H[28;1H[38;2;224;224;224;48;2;18;18;18mqueued=0 paused=False total=0[0m[48;2;18;18;18m                                                                            [0m[1;1H[28;1H[38;2;224;224;224;48;2;18;18;18mqueued=0 paused=False total=0[0m[48;2;18;18;18m                                                                            [0m[1;1H[28;1H[38;2;224;224;224;48;2;18;18;18mqueued=0 paused=False total=0[0m[48;2;18;18;18m                                                                            [0m[1;1H[28;1H[38;2;224;224;224;48;2;18;18;18mqueued=0 paused=False total=0[0m[48;2;18;18;18m                                                                            [0m[1;1H[28;1H[38;2;224;224;224;48;2;18;18;18mqueued=0 paused=False total=0[0m[48;2;18;18;18m                                                                            [0m[1;1H[28;1H[38;2;224;224;224;48;2;18;18;18mqueued=0 paused=False total=0[0m[48;2;18;18;18m                                                                            [0m[1;1H[28;1H[38;2;224;224;224;48;2;18;18;18mqueued=0 paused=False total=0[0m[48;2;18;18;18m                                                                            [0m[1;1H[28;1H[38;2;224;224;224;48;2;18;18;18mqueued=0 paused=False total=0[0m[48;2;18;18;18m                                                                            [0m[1;1H[28;1H[38;2;224;224;224;48;2;18;18;18mqueued=0 paused=False total=0[0m[48;2;18;18;18m                                                                            [0m[1;1H[28;1H[38;2;224;224;224;48;2;18;18;18mqueued=0 paused=False total=0[0m[48;2;18;18;18m                                                                            [0m[1;1H[28;1H[38;2;224;224;224;48;2;18;18;18mqueued=0 paused=False total=0[0m[48;2;18;18;18m                                                                            [0m[1;1H[28;1H[38;2;224;224;224;48;2;18;18;18mqueued=0 paused=False total=0[0m[48;2;18;18;18m                                                                            [0m[1;1H[28;1H[38;2;224;224;224;48;2;18;18;18mqueued=0 paused=False total=0[0m[48;2;18;18;18m                                                                            [0m[1;1H[28;1H[38;2;224;224;224;48;2;18;18;18mqueued=0 paused=False total=0[0m[48;2;18;18;18m                                                                            [0m[1;1H[28;1H[38;2;224;224;224;48;2;18;18;18mqueued=0 paused=False total=0[0m[48;2;18;18;18m                                                                            [0m[1;1H[28;1H[38;2;224;224;224;48;2;18;18;18mqueued=0 paused=False total=0[0m[48;2;18;18;18m                                                                            [0m[1;1H[28;1H[38;2;224;224;224;48;2;18;18;18mqueued=0 paused=False total=0[0m[48;2;18;18;18m                                                                            [0m[1;1H[28;1H[38;2;224;224;224;48;2;18;18;18mqueued=0 paused=False total=0[0m[48;2;18;18;18m                                                                            [0m[1;1H[28;1H[38;2;224;224;224;48;2;18;18;18mqueued=0 paused=False total=0[0m[48;2;18;18;18m                                                                            [0m[1;1H[28;1H[38;2;224;224;224;48;2;18;18;18mqueued=0 paused=False total=0[0m[48;2;18;18;18m                                                                            [0m[1;1H[28;1H[38;2;224;224;224;48;2;18;18;18mqueued=0 paused=False total=0[0m[48;2;18;18;18m                                                                            [0m[1;1H[28;1H[38;2;224;224;224;48;2;18;18;18mqueued=0 paused=False total=0[0m[48;2;18;18;18m                                                                            [0m[1;1H[28;1H[38;2;224;224;224;48;2;18;18;18mqueued=0 paused=False total=0[0m[48;2;18;18;18m                                                                            [0m[1;1H[28;1H[38;2;224;224;224;48;2;18;18;18mqueued=0 paused=False total=0[0m[48;2;18;18;18m                                                                            [0m[1;1H[28;1H[38;2;224;224;224;48;2;18;18;18mqueued=0 paused=False total=0[0m[48;2;18;18;18m                                                                            [0m[1;1H[28;1H[38;2;224;224;224;48;2;18;18;18mqueued=0 paused=False total=0[0m[48;2;18;18;18m                                                                            [0m[1;1H[28;1H[38;2;224;224;224;48;2;18;18;18mqueued=0 paused=False total=0[0m[48;2;18;18;18m                                                                            [0m[1;1H[28;1H[38;2;224;224;224;48;2;18;18;18mqueued=0 paused=False total=0[0m[48;2;18;18;18m                                                                            [0m[1;1H[28;1H[38;2;224;224;224;48;2;18;18;18mqueued=0 paused=False total=0[0m[48;2;18;18;18m                                                                            [0m[1;1H[28;1H[38;2;224;224;224;48;2;18;18;18mqueued=0 paused=False total=0[0m[48;2;18;18;18m                                                                            [0m[1;1H[28;1H[38;2;224;224;224;48;2;18;18;18mqueued=0 paused=False total=0[0m[48;2;18;18;18m                                                                            [0m[1;1H[28;1H[38;2;224;224;224;48;2;18;18;18mqueued=0 paused=False total=0[0m[48;2;18;18;18m                                                                            [0m[1;1H[28;1H[38;2;224;224;224;48;2;18;18;18mqueued=0 paused=False total=0[0m[48;2;18;18;18m                                                                            [0m[1;1H[28;1H[38;2;224;224;224;48;2;18;18;18mqueued=0 paused=False total=0[0m[48;2;18;18;18m                                                                            [0m[1;1H[28;1H[38;2;224;224;224;48;2;18;18;18mqueued=0 paused=False total=0[0m[48;2;18;18;18m                                                                            [0m[1;1H[28;1H[38;2;224;224;224;48;2;18;18;18mqueued=0 paused=False total=0[0m[48;2;18;18;18m                                                                            [0m[1;1H[28;1H[38;2;224;224;224;48;2;18;18;18mqueued=0 paused=False total=0[0m[48;2;18;18;18m                                                                            [0m[1;1H[28;1H[38;2;224;224;224;48;2;18;18;18mqueued=0 paused=False total=0[0m[48;2;18;18;18m                                                                            [0m[1;1H[28;1H[38;2;224;224;224;48;2;18;18;18mqueued=0 paused=False total=0[0m[48;2;18;18;18m                                                                            [0m[1;1H[28;1H[38;2;224;224;224;48;2;18;18;18mqueued=0 paused=False total=0[0m[48;2;18;18;18m                                                                            [0m[1;1H[28;1H[38;2;224;224;224;48;2;18;18;18mqueued=0 paused=False total=0[0m[48;2;18;18;18m                                                                            [0m[1;1H[28;1H[38;2;224;224;224;48;2;18;18;18mqueued=0 paused=False total=0[0m[48;2;18;18;18m                                                                            [0m[1;1H[28;1H[38;2;224;224;224;48;2;18;18;18mqueued=0 paused=False total=0[0m[48;2;18;18;18m                                                                            [0m[1;1H[28;1H[38;2;224;224;224;48;2;18;18;18mqueued=0 paused=False total=0[0m[48;2;18;18;18m                                                                            [0m[1;1H[28;1H[38;2;224;224;224;48;2;18;18;18mqueued=0 paused=False total=0[0m[48;2;18;18;18m                                                                            [0m[1;1H[28;1H[38;2;224;224;224;48;2;18;18;18mqueued=0 paused=False total=0[0m[48;2;18;18;18m                                                                            [0m[1;1H[28;1H[38;2;224;224;224;48;2;18;18;18mqueued=0 paused=False total=0[0m[48;2;18;18;18m                                                                            [0m[1;1H[28;1H[38;2;224;224;224;48;2;18;18;18mqueued=0 paused=False total=0[0m[48;2;18;18;18m                                                                            [0m[1;1H[28;1H[38;2;224;224;224;48;2;18;18;18mqueued=0 paused=False total=0[0m[48;2;18;18;18m                                                                            [0m[1;1H[28;1H[38;2;224;224;224;48;2;18;18;18mqueued=0 paused=False total=0[0m[48;2;18;18;18m                                                                            [0m[1;1H[28;1H[38;2;224;224;224;48;2;18;18;18mqueued=0 paused=False total=0[0m[48;2;18;18;18m                                                                            [0m[1;1H[28;1H[38;2;224;224;224;48;2;18;18;18mqueued=0 paused=False total=0[0m[48;2;18;18;18m                                                                            [0m[1;1H[28;1H[38;2;224;224;224;48;2;18;18;18mqueued=0 paused=False total=0[0m[48;2;18;18;18m                                                                            [0m[1;1H[28;1H[38;2;224;224;224;48;2;18;18;18mqueued=0 paused=False total=0[0m[48;2;18;18;18m                                                                            [0m[1;1H[28;1H[38;2;224;224;224;48;2;18;18;18mqueued=0 paused=False total=0[0m[48;2;18;18;18m                                                                            [0m[1;1H[28;1H[38;2;224;224;224;48;2;18;18;18mqueued=0 paused=False total=0[0m[48;2;18;18;18m                                                                            [0m[1;1H[28;1H[38;2;224;224;224;48;2;18;18;18mqueued=0 paused=False total=0[0m[48;2;18;18;18m                                                                            [0m[1;1H[28;1H[38;2;224;224;224;48;2;18;18;18mqueued=0 paused=False total=0[0m[48;2;18;18;18m                                                                            [0m[1;1H[28;1H[38;2;224;224;224;48;2;18;18;18mqueued=0 paused=False total=0[0m[48;2;18;18;18m                                                                            [0m[1;1H[28;1H[38;2;224;224;224;48;2;18;18;18mqueued=0 paused=False total=0[0m[48;2;18;18;18m                                                                            [0m[1;1H[28;1H[38;2;224;224;224;48;2;18;18;18mqueued=0 paused=False total=0[0m[48;2;18;18;18m                                                                            [0m[1;1H[28;1H[38;2;224;224;224;48;2;18;18;18mqueued=0 paused=False total=0[0m[48;2;18;18;18m                                                                            [0m[1;1H[28;1H[38;2;224;224;224;48;2;18;18;18mqueued=0 paused=False total=0[0m[48;2;18;18;18m                                                                            [0m[1;1H[28;1H[38;2;224;224;224;48;2;18;18;18mqueued=0 paused=False total=0[0m[48;2;18;18;18m                                                                            [0m[1;1H[28;1H[38;2;224;224;224;48;2;18;18;18mqueued=0 paused=False total=0[0m[48;2;18;18;18m                                                                            [0m[1;1H[28;1H[38;2;224;224;224;48;2;18;18;18mqueued=0 paused=False total=0[0m[48;2;18;18;18m                                                                            [0m[1;1H[28;1H[38;2;224;224;224;48;2;18;18;18mqueued=0 paused=False total=0[0m[48;2;18;18;18m                                                                            [0m[1;1H[28;1H[38;2;224;224;224;48;2;18;18;18mqueued=0 paused=False total=0[0m[48;2;18;18;18m                                                                            [0m[1;1H[28;1H[38;2;224;224;224;48;2;18;18;18mqueued=0 paused=False total=0[0m[48;2;18;18;18m                                                                            [0m[1;1H[28;1H[38;2;224;224;224;48;2;18;18;18mqueued=0 paused=False total=0[0m[48;2;18;18;18m                                                                            [0m[1;1H[28;1H[38;2;224;224;224;48;2;18;18;18mqueued=0 paused=False total=0[0m[48;2;18;18;18m                                                                            [0m[1;1H[28;1H[38;2;224;224;224;48;2;18;18;18mqueued=0 paused=False total=0[0m[48;2;18;18;18m                                                                            [0m[1;1H[28;1H[38;2;224;224;224;48;2;18;18;18mqueued=0 paused=False total=0[0m[48;2;18;18;18m                                                                            [0m[1;1H[28;1H[38;2;224;224;224;48;2;18;18;18mqueued=0 paused=False total=0[0m[48;2;18;18;18m                                                                            [0m[1;1H[28;1H[38;2;224;224;224;48;2;18;18;18mqueued=0 paused=False total=0[0m[48;2;18;18;18m                                                                            [0m[1;1H[28;1H[38;2;224;224;224;48;2;18;18;18mqueued=0 paused=False total=0[0m[48;2;18;18;18m                                                                            [0m[1;1H[28;1H[38;2;224;224;224;48;2;18;18;18mqueued=0 paused=False total=0[0m[48;2;18;18;18m                                                                            [0m[1;1H[28;1H[38;2;224;224;224;48;2;18;18;18mqueued=0 paused=False total=0[0m[48;2;18;18;18m                                                                            [0m[1;1H[28;1H[38;2;224;224;224;48;2;18;18;18mqueued=0 paused=False total=0[0m[48;2;18;18;18m                                                                            [0m[1;1H[28;1H[38;2;224;224;224;48;2;18;18;18mqueued=0 paused=False total=0[0m[48;2;18;18;18m                                                                            [0m[1;1H[28;1H[38;2;224;224;224;48;2;18;18;18mqueued=0 paused=False total=0[0m[48;2;18;18;18m                                                                            [0m[1;1H[28;1H[38;2;224;224;224;48;2;18;18;18mqueued=0 paused=False total=0[0m[48;2;18;18;18m                                                                            [0m[1;1H[28;1H[38;2;224;224;224;48;2;18;18;18mqueued=0 paused=False total=0[0m[48;2;18;18;18m                                                                            [0m[1;1H[28;1H[38;2;224;224;224;48;2;18;18;18mqueued=0 paused=False total=0[0m[48;2;18;18;18m                                                                            [0m[1;1H[28;1H[38;2;224;224;224;48;2;18;18;18mqueued=0 paused=False total=0[0m[48;2;18;18;18m                                                                            [0m[1;1H[28;1H[38;2;224;224;224;48;2;18;18;18mqueued=0 paused=False total=0[0m[48;2;18;18;18m                                                                            [0m[1;1H[28;1H[38;2;224;224;224;48;2;18;18;18mqueued=0 paused=False total=0[0m[48;2;18;18;18m                                                                            [0m[1;1H[1;1H[48;2;36;47;56m [0m[38;2;224;224;224;48;2;36;47;56m⭘[0m[38;2;224;224;224;48;2;36;47;56m     [0m[48;2;36;47;56m [0m[1;9H[38;2;224;224;224;48;2;36;47;56m                                     [0m[38;2;224;224;224;48;2;36;47;56mNDJSONViewer[0m[38;2;224;224;224;48;2;36;47;56m                                      [0m[1;96H[48;2;36;47;56m [0m[38;2;224;224;224;48;2;36;47;56m[0m[48;2;36;47;56m        [0m[48;2;36;47;56m [0m
[2;1H[1;38;2;224;224;224;48;2;45;55;64m  Level  [0m[1;38;2;224;224;224;48;2;45;55;64m  Timestamp  [0m[1;38;2;224;224;224;48;2;45;55;64m  Seq  [0m[1;38;2;224;224;224;48;2;45;55;64m  Type  [0m[1;38;2;224;224;224;48;2;45;55;64m  Name  [0m[1;38;2;224;224;224;48;2;45;55;64m  Value  [0m[38;2;224;224;224;48;2;43;51;57m                                                   [0m
[3;1H[48;2;18;18;18m                                                                                                         [0m
[4;1H[48;2;18;18;18m                                                                                                         [0m
[5;1H[48;2;18;18;18m                                                                                                         [0m
[6;1H[48;2;18;18;18m                                                                                                         [0m
[7;1H[48;2;18;18;18m                                                                                                         [0m
[8;1H[48;2;18;18;18m                                                                                                         [0m
[9;1H[48;2;18;18;18m                                                                                                         [0m
[10;1H[48;2;18;18;18m                                                                                                         [0m
[11;1H[48;2;18;18;18m                                                                                                         [0m
[12;1H[48;2;18;18;18m                                                                                                         [0m
[13;1H[48;2;18;18;18m                                                                                                         [0m
[14;1H[48;2;18;18;18m                                                                                                         [0m
[15;1H[48;2;18;18;18m                                                                                                         [0m
[16;1H[48;2;18;18;18m                                                                                                         [0m
[17;1H[48;2;18;18;18m                                                                                                         [0m
[18;1H[48;2;18;18;18m                                                                                                         [0m
[19;1H[48;2;18;18;18m                                                                                                         [0m
[20;1H[48;2;18;18;18m                                                                                                         [0m
[21;1H[48;2;18;18;18m                                                                                                         [0m
[22;1H[48;2;18;18;18m                                                                                                         [0m
[23;1H[48;2;18;18;18m                                                                                                         [0m
[24;1H[48;2;18;18;18m                                                                                                         [0m
[25;1H[48;2;18;18;18m                                                    [0m[25;53H[38;2;78;191;113;48;2;52;63;73m▌[0m[48;2;52;63;73m                                                  [0m[25;104H[48;2;18;18;18m  [0m
[26;1H[48;2;18;18;18m                                                    [0m[26;53H[38;2;78;191;113;48;2;52;63;73m▌[0m[48;2;52;63;73m [0m[1;38;2;138;212;161;48;2;52;63;73mDo you want to quit?[0m[48;2;52;63;73m                            [0m[48;2;52;63;73m [0m[26;104H[48;2;18;18;18m  [0m
[27;1H[48;2;18;18;18m                                                    [0m[27;53H[38;2;78;191;113;48;2;52;63;73m▌[0m[48;2;52;63;73m [0m[38;2;224;224;224;48;2;52;63;73mPress [0m[1;38;2;224;224;224;48;2;52;63;73mctrl+q[0m[38;2;224;224;224;48;2;52;63;73m to quit the app[0m[48;2;52;63;73m                    [0m[48;2;52;63;73m [0m[27;104H[48;2;18;18;18m  [0m
[28;1H[38;2;224;224;224;48;2;18;18;18mqueued=0 paused=False total=0[0m[48;2;18;18;18m                       [0m[28;53H[38;2;78;191;113;48;2;52;63;73m▌[0m[48;2;52;63;73m                                                  [0m[28;104H[48;2;18;18;18m  [0m
[29;1H[1;38;2;255;166;43;48;2;36;47;56m p [0m[38;2;224;224;224;48;2;36;47;56mPause/Resume live feed [0m[29;27H[1;38;2;255;166;43;48;2;36;47;56m q [0m[38;2;224;224;224;48;2;36;47;56mQuit [0m[29;35H[48;2;36;47;56m                                                           [0m[29;94H[38;2;73;82;89;48;2;36;47;56m▏[0m[1;38;2;255;166;43;48;2;36;47;56m^p[0m[38;2;224;224;224;48;2;36;47;56m palette[0m[48;2;36;47;56m [0m[1;1H[25;53H[38;2;78;191;113;48;2;52;63;73m▌[0m[48;2;52;63;73m                                                  [0m[25;104H
[26;53H[38;2;78;191;113;48;2;52;63;73m▌[0m[48;2;52;63;73m [0m[1;38;2;138;212;161;48;2;52;63;73mDo you want to quit?[0m[48;2;52;63;73m                            [0m[48;2;52;63;73m [0m[26;104H
[27;53H[38;2;78;191;113;48;2;52;63;73m▌[0m[48;2;52;63;73m [0m[38;2;224;224;224;48;2;52;63;73mPress [0m[1;38;2;224;224;224;48;2;52;63;73mctrl+q[0m[38;2;224;224;224;48;2;52;63;73m to quit the app[0m[48;2;52;63;73m                    [0m[48;2;52;63;73m [0m[27;104H
[28;53H[38;2;78;191;113;48;2;52;63;73m▌[0m[48;2;52;63;73m                                                  [0m[28;104H[1;1H[28;1H[38;2;224;224;224;48;2;18;18;18mqueued=0 paused=False total=0[0m[48;2;18;18;18m                       [0m[28;53H[38;2;78;191;113;48;2;52;63;73m▌[0m[48;2;52;63;73m                                                  [0m[28;104H[48;2;18;18;18m  [0m[1;1H[28;1H[38;2;224;224;224;48;2;18;18;18mqueued=0 paused=False total=0[0m[48;2;18;18;18m                       [0m[28;53H[38;2;78;191;113;48;2;52;63;73m▌[0m[48;2;52;63;73m                                                  [0m[28;104H[48;2;18;18;18m  [0m[1;1H[28;1H[38;2;224;224;224;48;2;18;18;18mqueued=0 paused=False total=0[0m[48;2;18;18;18m                       [0m[28;53H[38;2;78;191;113;48;2;52;63;73m▌[0m[48;2;52;63;73m                                                  [0m[28;104H[48;2;18;18;18m  [0m[1;1H[28;1H[38;2;224;224;224;48;2;18;18;18mqueued=0 paused=False total=0[0m[48;2;18;18;18m                       [0m[28;53H[38;2;78;191;113;48;2;52;63;73m▌[0m[48;2;52;63;73m                                                  [0m[28;104H[48;2;18;18;18m  [0m[1;1H[28;1H[38;2;224;224;224;48;2;18;18;18mqueued=0 paused=False total=0[0m[48;2;18;18;18m                       [0m[28;53H[38;2;78;191;113;48;2;52;63;73m▌[0m[48;2;52;63;73m                                                  [0m[28;104H[48;2;18;18;18m  [0m[1;1H[28;1H[38;2;224;224;224;48;2;18;18;18mqueued=0 paused=False total=0[0m[48;2;18;18;18m                       [0m[28;53H[38;2;78;191;113;48;2;52;63;73m▌[0m[48;2;52;63;73m                                                  [0m[28;104H[48;2;18;18;18m  [0m[1;1H[28;1H[38;2;224;224;224;48;2;18;18;18mqueued=0 paused=False total=0[0m[48;2;18;18;18m                       [0m[28;53H[38;2;78;191;113;48;2;52;63;73m▌[0m[48;2;52;63;73m                                                  [0m[28;104H[48;2;18;18;18m  [0m[1;1H[20;53H[38;2;78;191;113;48;2;52;63;73m▌[0m[48;2;52;63;73m                                                  [0m[20;104H
[21;53H[38;2;78;191;113;48;2;52;63;73m▌[0m[48;2;52;63;73m [0m[1;38;2;138;212;161;48;2;52;63;73mDo you want to quit?[0m[48;2;52;63;73m                            [0m[48;2;52;63;73m [0m[21;104H
[22;53H[38;2;78;191;113;48;2;52;63;73m▌[0m[48;2;52;63;73m [0m[38;2;224;224;224;48;2;52;63;73mPress [0m[1;38;2;224;224;224;48;2;52;63;73mctrl+q[0m[38;2;224;224;224;48;2;52;63;73m to quit the app[0m[48;2;52;63;73m                    [0m[48;2;52;63;73m [0m[22;104H
[23;53H[38;2;78;191;113;48;2;52;63;73m▌[0m[48;2;52;63;73m                                                  [0m[23;104H
[25;53H[38;2;78;191;113;48;2;52;63;73m▌[0m[48;2;52;63;73m                                                  [0m[25;104H
[26;53H[38;2;78;191;113;48;2;52;63;73m▌[0m[48;2;52;63;73m [0m[1;38;2;138;212;161;48;2;52;63;73mDo you want to quit?[0m[48;2;52;63;73m                            [0m[48;2;52;63;73m [0m[26;104H
[27;53H[38;2;78;191;113;48;2;52;63;73m▌[0m[48;2;52;63;73m [0m[38;2;224;224;224;48;2;52;63;73mPress [0m[1;38;2;224;224;224;48;2;52;63;73mctrl+q[0m[38;2;224;224;224;48;2;52;63;73m to quit the app[0m[48;2;52;63;73m                    [0m[48;2;52;63;73m [0m[27;104H
[28;53H[38;2;78;191;113;48;2;52;63;73m▌[0m[48;2;52;63;73m                                                  [0m[28;104H[1;1H[25;53H[38;2;78;191;113;48;2;52;63;73m▌[0m[48;2;52;63;73m                                                  [0m[25;104H
[26;53H[38;2;78;191;113;48;2;52;63;73m▌[0m[48;2;52;63;73m [0m[1;38;2;138;212;161;48;2;52;63;73mDo you want to quit?[0m[48;2;52;63;73m                            [0m[48;2;52;63;73m [0m[26;104H
[27;53H[38;2;78;191;113;48;2;52;63;73m▌[0m[48;2;52;63;73m [0m[38;2;224;224;224;48;2;52;63;73mPress [0m[1;38;2;224;224;224;48;2;52;63;73mctrl+q[0m[38;2;224;224;224;48;2;52;63;73m to quit the app[0m[48;2;52;63;73m                    [0m[48;2;52;63;73m [0m[27;104H
[28;1H[38;2;224;224;224;48;2;18;18;18mqueued=0 paused=False total=0[0m[48;2;18;18;18m                       [0m[28;53H[38;2;78;191;113;48;2;52;63;73m▌[0m[48;2;52;63;73m                                                  [0m[28;104H[48;2;18;18;18m  [0m[1;1H[28;1H[38;2;224;224;224;48;2;18;18;18mqueued=0 paused=False total=0[0m[48;2;18;18;18m                       [0m[28;53H[38;2;78;191;113;48;2;52;63;73m▌[0m[48;2;52;63;73m                                                  [0m[28;104H[48;2;18;18;18m  [0m[1;1H[28;1H[38;2;224;224;224;48;2;18;18;18mqueued=0 paused=False total=0[0m[48;2;18;18;18m                       [0m[28;53H[38;2;78;191;113;48;2;52;63;73m▌[0m[48;2;52;63;73m                                                  [0m[28;104H[48;2;18;18;18m  [0m[1;1H[28;1H[38;2;224;224;224;48;2;18;18;18mqueued=0 paused=False total=0[0m[48;2;18;18;18m                       [0m[28;53H[38;2;78;191;113;48;2;52;63;73m▌[0m[48;2;52;63;73m                                                  [0m[28;104H[48;2;18;18;18m  [0m[1;1H[28;1H[38;2;224;224;224;48;2;18;18;18mqueued=0 paused=False total=0[0m[48;2;18;18;18m                       [0m[28;53H[38;2;78;191;113;48;2;52;63;73m▌[0m[48;2;52;63;73m                                                  [0m[28;104H[48;2;18;18;18m  [0m[1;1H[28;1H[38;2;224;224;224;48;2;18;18;18mqueued=0 paused=False total=0[0m[48;2;18;18;18m                       [0m[28;53H[38;2;78;191;113;48;2;52;63;73m▌[0m[48;2;52;63;73m                                                  [0m[28;104H[48;2;18;18;18m  [0m[1;1H[28;1H[38;2;224;224;224;48;2;18;18;18mqueued=0 paused=False total=0[0m[48;2;18;18;18m                       [0m[28;53H[38;2;78;191;113;48;2;52;63;73m▌[0m[48;2;52;63;73m                                                  [0m[28;104H[48;2;18;18;18m  [0m[1;1H[28;1H[38;2;224;224;224;48;2;18;18;18mqueued=0 paused=False total=0[0m[48;2;18;18;18m                       [0m[28;53H[38;2;78;191;113;48;2;52;63;73m▌[0m[48;2;52;63;73m                                                  [0m[28;104H[48;2;18;18;18m  [0m[1;1H[28;1H[38;2;224;224;224;48;2;18;18;18mqueued=0 paused=False total=0[0m[48;2;18;18;18m                       [0m[28;53H[38;2;78;191;113;48;2;52;63;73m▌[0m[48;2;52;63;73m                                                  [0m[28;104H[48;2;18;18;18m  [0m[1;1H[28;1H[38;2;224;224;224;48;2;18;18;18mqueued=0 paused=False total=0[0m[48;2;18;18;18m                       [0m[28;53H[38;2;78;191;113;48;2;52;63;73m▌[0m[48;2;52;63;73m                                                  [0m[28;104H[48;2;18;18;18m  [0m[1;1H[28;1H[38;2;224;224;224;48;2;18;18;18mqueued=0 paused=False total=0[0m[48;2;18;18;18m                       [0m[28;53H[38;2;78;191;113;48;2;52;63;73m▌[0m[48;2;52;63;73m                                                  [0m[28;104H[48;2;18;18;18m  [0m[1;1H[28;1H[38;2;224;224;224;48;2;18;18;18mqueued=0 paused=False total=0[0m[48;2;18;18;18m                       [0m[28;53H[38;2;78;191;113;48;2;52;63;73m▌[0m[48;2;52;63;73m                                                  [0m[28;104H[48;2;18;18;18m  [0m[1;1H[28;1H[38;2;224;224;224;48;2;18;18;18mqueued=0 paused=False total=0[0m[48;2;18;18;18m                       [0m[28;53H[38;2;78;191;113;48;2;52;63;73m▌[0m[48;2;52;63;73m                                                  [0m[28;104H[48;2;18;18;18m  [0m[1;1H[28;1H[38;2;224;224;224;48;2;18;18;18mqueued=0 paused=False total=0[0m[48;2;18;18;18m                       [0m[28;53H[38;2;78;191;113;48;2;52;63;73m▌[0m[48;2;52;63;73m                                                  [0m[28;104H[48;2;18;18;18m  [0m[1;1H[28;1H[38;2;224;224;224;48;2;18;18;18mqueued=0 paused=False total=0[0m[48;2;18;18;18m                       [0m[28;53H[38;2;78;191;113;48;2;52;63;73m▌[0m[48;2;52;63;73m                                                  [0m[28;104H[48;2;18;18;18m  [0m[1;1H[28;1H[38;2;224;224;224;48;2;18;18;18mqueued=0 paused=False total=0[0m[48;2;18;18;18m                       [0m[28;53H[38;2;78;191;113;48;2;52;63;73m▌[0m[48;2;52;63;73m                                                  [0m[28;104H[48;2;18;18;18m  [0m[1;1H[28;1H[38;2;224;224;224;48;2;18;18;18mqueued=0 paused=False total=0[0m[48;2;18;18;18m                       [0m[28;53H[38;2;78;191;113;48;2;52;63;73m▌[0m[48;2;52;63;73m                                                  [0m[28;104H[48;2;18;18;18m  [0m[1;1H[28;1H[38;2;224;224;224;48;2;18;18;18mqueued=0 paused=False total=0[0m[48;2;18;18;18m                       [0m[28;53H[38;2;78;191;113;48;2;52;63;73m▌[0m[48;2;52;63;73m                                                  [0m[28;104H[48;2;18;18;18m  [0m[1;1H[?2004l[?7h[?1000l[?1003l[?1015l[?1006l[<u[?1049l[?25h[?1004l[?1000l[?1003l[?1015l[?1006l